[debug] [2025-09-01T17:19:34.860Z] ----------------------------------------------------------------------
[debug] [2025-09-01T17:19:34.862Z] Command:       C:\Program Files\nodejs\node.exe C:\Users\Anirudh\AppData\Roaming\npm\node_modules\firebase-tools\lib\bin\firebase.js deploy
[debug] [2025-09-01T17:19:34.863Z] CLI Version:   14.14.0
[debug] [2025-09-01T17:19:34.863Z] Platform:      win32
[debug] [2025-09-01T17:19:34.863Z] Node Version:  v22.15.0
[debug] [2025-09-01T17:19:34.863Z] Time:          Mon Sep 01 2025 22:49:34 GMT+0530 (India Standard Time)
[debug] [2025-09-01T17:19:34.863Z] ----------------------------------------------------------------------
[debug] 
[debug] [2025-09-01T17:19:34.865Z] >>> [apiv2][query] GET https://firebase-public.firebaseio.com/cli.json [none]
[debug] [2025-09-01T17:19:35.088Z] > command requires scopes: ["email","openid","https://www.googleapis.com/auth/cloudplatformprojects.readonly","https://www.googleapis.com/auth/firebase","https://www.googleapis.com/auth/cloud-platform"]
[debug] [2025-09-01T17:19:35.089Z] > authorizing via signed-in user (study.datascience.anirudh@gmail.com)
[debug] [2025-09-01T17:19:35.089Z] [iam] checking project areaverse-4e8b9 for permissions ["firebase.projects.get","firebasehosting.sites.update"]
[debug] [2025-09-01T17:19:35.089Z] Checked if tokens are valid: false, expires at: 1756656929830
[debug] [2025-09-01T17:19:35.090Z] Checked if tokens are valid: false, expires at: 1756656929830
[debug] [2025-09-01T17:19:35.090Z] > refreshing access token with scopes: []
[debug] [2025-09-01T17:19:35.091Z] >>> [apiv2][query] POST https://www.googleapis.com/oauth2/v3/token [none]
[debug] [2025-09-01T17:19:35.091Z] >>> [apiv2][body] POST https://www.googleapis.com/oauth2/v3/token [omitted]
[debug] [2025-09-01T17:19:35.294Z] <<< [apiv2][status] POST https://www.googleapis.com/oauth2/v3/token 200
[debug] [2025-09-01T17:19:35.294Z] <<< [apiv2][body] POST https://www.googleapis.com/oauth2/v3/token [omitted]
[debug] [2025-09-01T17:19:35.302Z] >>> [apiv2][query] POST https://cloudresourcemanager.googleapis.com/v1/projects/areaverse-4e8b9:testIamPermissions [none]
[debug] [2025-09-01T17:19:35.302Z] >>> [apiv2][(partial)header] POST https://cloudresourcemanager.googleapis.com/v1/projects/areaverse-4e8b9:testIamPermissions x-goog-quota-user=projects/areaverse-4e8b9
[debug] [2025-09-01T17:19:35.302Z] >>> [apiv2][body] POST https://cloudresourcemanager.googleapis.com/v1/projects/areaverse-4e8b9:testIamPermissions {"permissions":["firebase.projects.get","firebasehosting.sites.update"]}
[debug] [2025-09-01T17:19:36.041Z] <<< [apiv2][status] GET https://firebase-public.firebaseio.com/cli.json 200
[debug] [2025-09-01T17:19:36.041Z] <<< [apiv2][body] GET https://firebase-public.firebaseio.com/cli.json {"cloudBuildErrorAfter":1594252800000,"cloudBuildWarnAfter":1590019200000,"defaultNode10After":1594252800000,"minVersion":"3.0.5","node8DeploysDisabledAfter":1613390400000,"node8RuntimeDisabledAfter":1615809600000,"node8WarnAfter":1600128000000}
